android/app/build/intermediates/manifest_merge_blame_file/release/manifest-merger-blame-release-report.txt
1<?xml version="1.0" encoding="utf-8"?>
2<manifest xmlns:android="http://schemas.android.com/apk/res/android"
3    package="com.test_app"
4    android:versionCode="1"
5    android:versionName="1.4.0" >
6
7    <uses-sdk
8        android:minSdkVersion="21"
8-->src\main\AndroidManifest.xml
9        android:targetSdkVersion="28" />
9-->src\main\AndroidManifest.xml
10
11    <permission
11-->src\main\AndroidManifest.xml:7:3-9:42
12        android:name="com.test_app.permission.C2D_MESSAGE"
12-->src\main\AndroidManifest.xml:8:5-55
13        android:protectionLevel="signature" />
13-->src\main\AndroidManifest.xml:9:5-40
14
15    <!-- These are required permissions to make the app run -->
16    <uses-permission android:name="com.test_app.permission.C2D_MESSAGE" />
16-->src\main\AndroidManifest.xml:12:3-73
16-->src\main\AndroidManifest.xml:12:20-70
17    <uses-permission android:name="com.google.android.c2dm.permission.RECEIVE" />
17-->src\main\AndroidManifest.xml:13:3-80
17-->src\main\AndroidManifest.xml:13:20-77
18    <uses-permission android:name="android.permission.ACCESS_NETWORK_STATE" />
18-->src\main\AndroidManifest.xml:14:3-77
18-->src\main\AndroidManifest.xml:14:20-74
19    <uses-permission android:name="android.permission.INTERNET" />
19-->src\main\AndroidManifest.xml:15:3-65
19-->src\main\AndroidManifest.xml:15:20-62
20    <uses-permission android:name="android.permission.SYSTEM_ALERT_WINDOW" />
20-->src\main\AndroidManifest.xml:16:3-76
20-->src\main\AndroidManifest.xml:16:20-73
21    <uses-permission android:name="android.permission.WAKE_LOCK" />
21-->src\main\AndroidManifest.xml:17:3-66
21-->src\main\AndroidManifest.xml:17:20-63
22
23    <!-- ADD PERMISSIONS HERE -->
24    <!-- BEGIN OPTIONAL PERMISSIONS -->
25    <uses-permission android:name="android.permission.MANAGE_DOCUMENTS" />
25-->src\main\AndroidManifest.xml:21:3-73
25-->src\main\AndroidManifest.xml:21:20-70
26    <uses-permission android:name="android.permission.READ_INTERNAL_STORAGE" />
26-->src\main\AndroidManifest.xml:22:3-78
26-->src\main\AndroidManifest.xml:22:20-75
27    <uses-permission android:name="android.permission.READ_PHONE_STATE" />
27-->src\main\AndroidManifest.xml:23:3-73
27-->src\main\AndroidManifest.xml:23:20-70
28    <uses-permission android:name="android.permission.USE_FINGERPRINT" />
28-->src\main\AndroidManifest.xml:24:3-72
28-->src\main\AndroidManifest.xml:24:20-69
29    <uses-permission android:name="android.permission.VIBRATE" />
29-->src\main\AndroidManifest.xml:25:3-64
29-->src\main\AndroidManifest.xml:25:20-61
30    <uses-permission android:name="com.android.launcher.permission.INSTALL_SHORTCUT" />
30-->src\main\AndroidManifest.xml:26:3-86
30-->src\main\AndroidManifest.xml:26:20-83
31    <uses-permission android:name="android.permission.MODIFY_AUDIO_SETTINGS" />
31-->src\main\AndroidManifest.xml:27:3-78
31-->src\main\AndroidManifest.xml:27:20-75
32
33    <!-- These require runtime permissions on M -->
34    <uses-permission android:name="android.permission.ACCESS_COARSE_LOCATION" />
34-->src\main\AndroidManifest.xml:30:3-79
34-->src\main\AndroidManifest.xml:30:20-76
35    <uses-permission android:name="android.permission.ACCESS_FINE_LOCATION" />
35-->src\main\AndroidManifest.xml:31:3-77
35-->src\main\AndroidManifest.xml:31:20-74
36    <uses-permission android:name="android.permission.CAMERA" />
36-->src\main\AndroidManifest.xml:32:3-63
36-->src\main\AndroidManifest.xml:32:20-60
37    <uses-permission android:name="android.permission.READ_CONTACTS" />
37-->src\main\AndroidManifest.xml:33:3-70
37-->src\main\AndroidManifest.xml:33:20-67
38    <uses-permission android:name="android.permission.READ_CALENDAR" />
38-->src\main\AndroidManifest.xml:34:3-70
38-->src\main\AndroidManifest.xml:34:20-67
39    <uses-permission android:name="android.permission.WRITE_CALENDAR" />
39-->src\main\AndroidManifest.xml:35:3-71
39-->src\main\AndroidManifest.xml:35:20-68
40    <uses-permission android:name="android.permission.READ_EXTERNAL_STORAGE" />
40-->src\main\AndroidManifest.xml:36:3-78
40-->src\main\AndroidManifest.xml:36:20-75
41    <uses-permission android:name="android.permission.RECORD_AUDIO" />
41-->src\main\AndroidManifest.xml:37:3-69
41-->src\main\AndroidManifest.xml:37:20-66
42    <uses-permission android:name="android.permission.WRITE_EXTERNAL_STORAGE" />
42-->src\main\AndroidManifest.xml:38:3-79
42-->src\main\AndroidManifest.xml:38:20-76
43    <uses-permission android:name="android.permission.WRITE_SETTINGS" />
43-->src\main\AndroidManifest.xml:39:3-71
43-->src\main\AndroidManifest.xml:39:20-68
44    <!-- END OPTIONAL PERMISSIONS -->
45
46
47    <!-- ADD TEST PERMISSIONS HERE -->
48
49    <uses-feature
49-->src\main\AndroidManifest.xml:44:3-77
50        android:glEsVersion="0x00020000"
50-->src\main\AndroidManifest.xml:44:17-49
51        android:required="true" />
51-->src\main\AndroidManifest.xml:44:50-74
52    <uses-feature
52-->src\main\AndroidManifest.xml:45:3-85
53        android:name="android.software.leanback"
53-->src\main\AndroidManifest.xml:45:17-57
54        android:required="false" />
54-->src\main\AndroidManifest.xml:45:58-82
55    <uses-feature
55-->src\main\AndroidManifest.xml:46:3-88
56        android:name="android.hardware.touchscreen"
56-->src\main\AndroidManifest.xml:46:17-60
57        android:required="false" />
57-->src\main\AndroidManifest.xml:46:61-85
58
59    <!-- WHEN_VERSIONING_REMOVE_FROM_HERE -->
60    <supports-screens
60-->[host.exp.exponent:expoview:36.0.0] AndroidManifest.xml:13:5-19:24
61        android:anyDensity="true"
61-->[host.exp.exponent:expoview:36.0.0] AndroidManifest.xml:14:9-34
62        android:largeScreens="true"
62-->[host.exp.exponent:expoview:36.0.0] AndroidManifest.xml:15:9-36
63        android:normalScreens="true"
63-->[host.exp.exponent:expoview:36.0.0] AndroidManifest.xml:16:9-37
64        android:smallScreens="true"
64-->[host.exp.exponent:expoview:36.0.0] AndroidManifest.xml:17:9-36
65        android:xlargeScreens="true" >
65-->[host.exp.exponent:expoview:36.0.0] AndroidManifest.xml:18:9-37
66    </supports-screens>
67
68    <uses-permission android:name="host.exp.exponent.permission.C2D_MESSAGE" /> <!-- Used by react-native-netinfo module -->
68-->[host.exp.exponent:expoview:36.0.0] AndroidManifest.xml:26:5-80
68-->[host.exp.exponent:expoview:36.0.0] AndroidManifest.xml:26:22-77
69    <uses-permission android:name="android.permission.ACCESS_WIFI_STATE" />
69-->[host.exp.exponent:expoview:36.0.0] AndroidManifest.xml:34:5-76
69-->[host.exp.exponent:expoview:36.0.0] AndroidManifest.xml:34:22-73
70
71    <uses-feature
71-->[host.exp.exponent:expoview:36.0.0] AndroidManifest.xml:47:5-49:36
72        android:name="android.hardware.camera"
72-->[host.exp.exponent:expoview:36.0.0] AndroidManifest.xml:48:9-47
73        android:required="false" />
73-->[host.exp.exponent:expoview:36.0.0] AndroidManifest.xml:49:9-33
74    <uses-feature
74-->[host.exp.exponent:expoview:36.0.0] AndroidManifest.xml:50:5-52:36
75        android:name="android.hardware.camera.autofocus"
75-->[host.exp.exponent:expoview:36.0.0] AndroidManifest.xml:51:9-57
76        android:required="false" />
76-->[host.exp.exponent:expoview:36.0.0] AndroidManifest.xml:52:9-33
77    <uses-feature
77-->[host.exp.exponent:expoview:36.0.0] AndroidManifest.xml:53:5-55:36
78        android:name="android.hardware.location"
78-->[host.exp.exponent:expoview:36.0.0] AndroidManifest.xml:54:9-49
79        android:required="false" />
79-->[host.exp.exponent:expoview:36.0.0] AndroidManifest.xml:55:9-33
80    <uses-feature
80-->[host.exp.exponent:expoview:36.0.0] AndroidManifest.xml:56:5-58:36
81        android:name="android.hardware.location.gps"
81-->[host.exp.exponent:expoview:36.0.0] AndroidManifest.xml:57:9-53
82        android:required="false" />
82-->[host.exp.exponent:expoview:36.0.0] AndroidManifest.xml:58:9-33
83    <uses-feature
83-->[host.exp.exponent:expoview:36.0.0] AndroidManifest.xml:59:5-61:36
84        android:name="android.hardware.location.network"
84-->[host.exp.exponent:expoview:36.0.0] AndroidManifest.xml:60:9-57
85        android:required="false" />
85-->[host.exp.exponent:expoview:36.0.0] AndroidManifest.xml:61:9-33
86    <uses-feature
86-->[host.exp.exponent:expoview:36.0.0] AndroidManifest.xml:62:5-64:36
87        android:name="android.hardware.wifi"
87-->[host.exp.exponent:expoview:36.0.0] AndroidManifest.xml:63:9-45
88        android:required="false" />
88-->[host.exp.exponent:expoview:36.0.0] AndroidManifest.xml:64:9-33
89    <uses-feature
89-->[host.exp.exponent:expoview:36.0.0] AndroidManifest.xml:65:5-67:36
90        android:name="android.hardware.microphone"
90-->[host.exp.exponent:expoview:36.0.0] AndroidManifest.xml:66:9-51
91        android:required="false" />
91-->[host.exp.exponent:expoview:36.0.0] AndroidManifest.xml:67:9-33
92    <uses-feature
92-->[host.exp.exponent:expoview:36.0.0] AndroidManifest.xml:68:5-70:36
93        android:name="android.hardware.telephony"
93-->[host.exp.exponent:expoview:36.0.0] AndroidManifest.xml:69:9-50
94        android:required="false" />
94-->[host.exp.exponent:expoview:36.0.0] AndroidManifest.xml:70:9-33
95    <uses-feature
95-->[host.exp.exponent:expoview:36.0.0] AndroidManifest.xml:71:5-73:36
96        android:name="android.hardware.bluetooth"
96-->[host.exp.exponent:expoview:36.0.0] AndroidManifest.xml:72:9-50
97        android:required="false" />
97-->[host.exp.exponent:expoview:36.0.0] AndroidManifest.xml:73:9-33
98
99    <uses-permission android:name="android.permission.STORAGE" />
99-->[:expo-file-system] AndroidManifest.xml:15:5-66
99-->[:expo-file-system] AndroidManifest.xml:15:22-63
100    <uses-permission android:name="android.permission.FOREGROUND_SERVICE" /> <!-- for android -->
100-->[:expo-location] AndroidManifest.xml:13:5-77
100-->[:expo-location] AndroidManifest.xml:13:22-74
101    <!-- <uses-permission android:name="com.android.launcher.permission.READ_SETTINGS"/> -->
102    <!-- <uses-permission android:name="com.android.launcher.permission.WRITE_SETTINGS"/> -->
103    <!-- <uses-permission android:name="com.android.launcher.permission.INSTALL_SHORTCUT" /> -->
104    <!-- <uses-permission android:name="com.android.launcher.permission.UNINSTALL_SHORTCUT" /> -->
105    <!-- for Samsung -->
106    <uses-permission android:name="com.sec.android.provider.badge.permission.READ" />
106-->[me.leolin:ShortcutBadger:1.1.4] AndroidManifest.xml:19:5-86
106-->[me.leolin:ShortcutBadger:1.1.4] AndroidManifest.xml:19:22-83
107    <uses-permission android:name="com.sec.android.provider.badge.permission.WRITE" /> <!-- for htc -->
107-->[me.leolin:ShortcutBadger:1.1.4] AndroidManifest.xml:20:5-87
107-->[me.leolin:ShortcutBadger:1.1.4] AndroidManifest.xml:20:22-84
108    <uses-permission android:name="com.htc.launcher.permission.READ_SETTINGS" />
108-->[me.leolin:ShortcutBadger:1.1.4] AndroidManifest.xml:23:5-81
108-->[me.leolin:ShortcutBadger:1.1.4] AndroidManifest.xml:23:22-78
109    <uses-permission android:name="com.htc.launcher.permission.UPDATE_SHORTCUT" /> <!-- for sony -->
109-->[me.leolin:ShortcutBadger:1.1.4] AndroidManifest.xml:24:5-83
109-->[me.leolin:ShortcutBadger:1.1.4] AndroidManifest.xml:24:22-80
110    <uses-permission android:name="com.sonyericsson.home.permission.BROADCAST_BADGE" /> <!-- for apex -->
110-->[me.leolin:ShortcutBadger:1.1.4] AndroidManifest.xml:27:5-88
110-->[me.leolin:ShortcutBadger:1.1.4] AndroidManifest.xml:27:22-85
111    <uses-permission android:name="com.anddoes.launcher.permission.UPDATE_COUNT" /> <!-- for solid -->
111-->[me.leolin:ShortcutBadger:1.1.4] AndroidManifest.xml:30:5-84
111-->[me.leolin:ShortcutBadger:1.1.4] AndroidManifest.xml:30:22-81
112    <uses-permission android:name="com.majeur.launcher.permission.UPDATE_BADGE" />
112-->[me.leolin:ShortcutBadger:1.1.4] AndroidManifest.xml:33:5-83
112-->[me.leolin:ShortcutBadger:1.1.4] AndroidManifest.xml:33:22-80
113    <uses-permission android:name="com.google.android.providers.gsf.permission.READ_GSERVICES" />
113-->[io.nlopez.smartlocation:library:3.2.11] AndroidManifest.xml:15:5-98
113-->[io.nlopez.smartlocation:library:3.2.11] AndroidManifest.xml:15:22-95
114    <uses-permission android:name="com.google.android.gms.permission.ACTIVITY_RECOGNITION" />
114-->[io.nlopez.smartlocation:library:3.2.11] AndroidManifest.xml:16:5-94
114-->[io.nlopez.smartlocation:library:3.2.11] AndroidManifest.xml:16:22-91
115    <uses-permission android:name="com.google.android.finsky.permission.BIND_GET_INSTALL_REFERRER_SERVICE" />
115-->[com.google.android.gms:play-services-measurement:16.5.0] AndroidManifest.xml:26:5-110
115-->[com.google.android.gms:play-services-measurement:16.5.0] AndroidManifest.xml:26:22-107
116
117    <application
117-->src\main\AndroidManifest.xml:48:3-360:17
118        android:name="host.exp.exponent.MainApplication"
118-->src\main\AndroidManifest.xml:49:5-36
119        android:allowBackup="true"
119-->src\main\AndroidManifest.xml:50:5-31
120        android:appComponentFactory="androidx.core.app.CoreComponentFactory"
120-->[androidx.core:core:1.1.0] AndroidManifest.xml:24:18-86
121        android:icon="@mipmap/ic_launcher"
121-->src\main\AndroidManifest.xml:51:5-39
122        android:label="@string/app_name"
122-->src\main\AndroidManifest.xml:52:5-37
123        android:largeHeap="true"
123-->src\main\AndroidManifest.xml:53:5-29
124        android:supportsRtl="true"
124-->[com.facebook.android:facebook-android-sdk:5.0.1] AndroidManifest.xml:28:18-44
125        android:usesCleartextTraffic="true" >
125-->src\main\AndroidManifest.xml:54:5-40
126        <activity
126-->src\main\AndroidManifest.xml:56:5-61:16
127            android:name="host.exp.exponent.LauncherActivity"
127-->src\main\AndroidManifest.xml:57:7-39
128            android:exported="true"
128-->src\main\AndroidManifest.xml:58:7-30
129            android:launchMode="singleTask"
129-->src\main\AndroidManifest.xml:59:7-38
130            android:theme="@android:style/Theme.Translucent.NoTitleBar" >
130-->src\main\AndroidManifest.xml:60:7-66
131        </activity>
132        <activity
132-->src\main\AndroidManifest.xml:63:5-68:16
133            android:name="host.exp.exponent.experience.ExperienceActivity"
133-->src\main\AndroidManifest.xml:64:7-52
134            android:configChanges="keyboard|keyboardHidden|orientation|screenSize"
134-->src\main\AndroidManifest.xml:65:7-77
135            android:theme="@style/Theme.Exponent.Light"
135-->src\main\AndroidManifest.xml:66:7-50
136            android:windowSoftInputMode="adjustResize" >
136-->src\main\AndroidManifest.xml:67:7-49
137        </activity>
138        <activity
138-->src\main\AndroidManifest.xml:70:5-90:16
139            android:name="host.exp.exponent.MainActivity"
139-->src\main\AndroidManifest.xml:71:7-35
140            android:configChanges="keyboard|keyboardHidden|orientation|screenSize"
140-->src\main\AndroidManifest.xml:73:7-77
141            android:launchMode="singleTask"
141-->src\main\AndroidManifest.xml:72:7-38
142            android:theme="@style/Theme.Exponent.Splash"
142-->src\main\AndroidManifest.xml:74:7-51
143            android:windowSoftInputMode="adjustResize" >
143-->src\main\AndroidManifest.xml:75:7-49
144            <intent-filter>
144-->src\main\AndroidManifest.xml:76:7-83:23
145                <data android:scheme="expc4a7bf4c515b487dbf8b48fadc8a54e1" />
145-->src\main\AndroidManifest.xml:77:9-69
145-->src\main\AndroidManifest.xml:77:15-67
146
147                <action android:name="android.intent.action.VIEW" />
147-->src\main\AndroidManifest.xml:79:9-60
147-->src\main\AndroidManifest.xml:79:17-58
148
149                <category android:name="android.intent.category.DEFAULT" />
149-->src\main\AndroidManifest.xml:81:9-67
149-->src\main\AndroidManifest.xml:81:19-65
150                <category android:name="android.intent.category.BROWSABLE" />
150-->src\main\AndroidManifest.xml:82:9-69
150-->src\main\AndroidManifest.xml:82:19-67
151            </intent-filter>
152            <intent-filter>
152-->src\main\AndroidManifest.xml:84:7-88:23
153                <action android:name="android.intent.action.MAIN" />
153-->src\main\AndroidManifest.xml:85:9-60
153-->src\main\AndroidManifest.xml:85:17-58
154
155                <category android:name="android.intent.category.LAUNCHER" />
155-->src\main\AndroidManifest.xml:87:9-68
155-->src\main\AndroidManifest.xml:87:19-66
156            </intent-filter>
157            <!-- ADD DETACH APP SPECIFIC INTENT FILTERS -->
158        </activity>
159        <activity
159-->src\main\AndroidManifest.xml:92:5-98:16
160            android:name="host.exp.exponent.experience.HomeActivity"
160-->src\main\AndroidManifest.xml:93:7-46
161            android:label="@string/app_name"
161-->src\main\AndroidManifest.xml:94:7-39
162            android:launchMode="singleTask"
162-->src\main\AndroidManifest.xml:95:7-38
163            android:screenOrientation="portrait"
163-->src\main\AndroidManifest.xml:96:7-43
164            android:theme="@style/Theme.Exponent.Light" >
164-->src\main\AndroidManifest.xml:97:7-50
165        </activity>
166        <activity
166-->src\main\AndroidManifest.xml:100:5-109:15
167            android:name="host.exp.exponent.experience.TvActivity"
167-->src\main\AndroidManifest.xml:101:7-44
168            android:label="@string/app_name"
168-->src\main\AndroidManifest.xml:102:7-39
169            android:screenOrientation="landscape"
169-->src\main\AndroidManifest.xml:104:7-44
170            android:theme="@style/Theme.Exponent.Light" >
170-->src\main\AndroidManifest.xml:103:7-50
171            <intent-filter>
171-->src\main\AndroidManifest.xml:105:6-108:22
172                <action android:name="android.intent.action.MAIN" />
172-->src\main\AndroidManifest.xml:85:9-60
172-->src\main\AndroidManifest.xml:85:17-58
173
174                <category android:name="android.intent.category.LEANBACK_LAUNCHER" />
174-->src\main\AndroidManifest.xml:107:8-77
174-->src\main\AndroidManifest.xml:107:18-74
175            </intent-filter>
176        </activity>
177        <activity android:name="com.facebook.react.devsupport.DevSettingsActivity" />
177-->src\main\AndroidManifest.xml:113:5-81
177-->src\main\AndroidManifest.xml:113:15-79
178        <!-- WHEN_PREPARING_SHELL_REMOVE_FROM_HERE -->
179        <!-- ADD DEV SETTINGS HERE -->
180        <!-- BEGIN_SDK_36 -->
181        <activity android:name="abi36_0_0.com.facebook.react.devsupport.DevSettingsActivity" />
181-->src\main\AndroidManifest.xml:117:5-91
181-->src\main\AndroidManifest.xml:117:15-89
182        <!-- END_SDK_36 -->
183        <!-- BEGIN_SDK_35 -->
184        <activity android:name="abi35_0_0.com.facebook.react.devsupport.DevSettingsActivity" />
184-->src\main\AndroidManifest.xml:120:5-91
184-->src\main\AndroidManifest.xml:120:15-89
185        <!-- END_SDK_35 -->
186        <!-- BEGIN_SDK_34 -->
187        <activity android:name="abi34_0_0.com.facebook.react.devsupport.DevSettingsActivity" />
187-->src\main\AndroidManifest.xml:123:5-91
187-->src\main\AndroidManifest.xml:123:15-89
188        <!-- END_SDK_34 -->
189        <!-- BEGIN_SDK_33 -->
190        <activity android:name="abi33_0_0.com.facebook.react.devsupport.DevSettingsActivity" />
190-->src\main\AndroidManifest.xml:126:5-91
190-->src\main\AndroidManifest.xml:126:15-89
191        <!-- END_SDK_33 -->
192        <!-- WHEN_PREPARING_SHELL_REMOVE_TO_HERE -->
193
194        <activity android:name="net.openid.appauth.RedirectUriReceiverActivity" >
194-->src\main\AndroidManifest.xml:130:5-139:16
194-->src\main\AndroidManifest.xml:131:9-70
195            <intent-filter>
195-->src\main\AndroidManifest.xml:133:7-138:23
196                <action android:name="android.intent.action.VIEW" />
196-->src\main\AndroidManifest.xml:79:9-60
196-->src\main\AndroidManifest.xml:79:17-58
197
198                <category android:name="android.intent.category.DEFAULT" />
198-->src\main\AndroidManifest.xml:81:9-67
198-->src\main\AndroidManifest.xml:81:19-65
199                <category android:name="android.intent.category.BROWSABLE" />
199-->src\main\AndroidManifest.xml:82:9-69
199-->src\main\AndroidManifest.xml:82:19-67
200
201                <data
201-->src\main\AndroidManifest.xml:77:9-69
202                    android:path="oauthredirect"
202-->src\main\AndroidManifest.xml:137:45-73
203                    android:scheme="com.test_app" />
203-->src\main\AndroidManifest.xml:77:15-67
204            </intent-filter>
205        </activity>
206
207        <!-- START OF STRIPE SCHEMES -->
208        <activity
208-->src\main\AndroidManifest.xml:142:5-153:16
209            android:name="expo.modules.payments.stripe.RedirectUriReceiver"
209-->src\main\AndroidManifest.xml:145:9-72
210            android:exported="true"
210-->src\main\AndroidManifest.xml:143:9-32
211            android:launchMode="singleTask"
211-->src\main\AndroidManifest.xml:144:9-40
212            android:theme="@android:style/Theme.Translucent.NoTitleBar.Fullscreen" >
212-->src\main\AndroidManifest.xml:146:9-79
213            <intent-filter>
213-->src\main\AndroidManifest.xml:147:9-152:25
214                <action android:name="android.intent.action.VIEW" />
214-->src\main\AndroidManifest.xml:79:9-60
214-->src\main\AndroidManifest.xml:79:17-58
215
216                <category android:name="android.intent.category.DEFAULT" />
216-->src\main\AndroidManifest.xml:81:9-67
216-->src\main\AndroidManifest.xml:81:19-65
217                <category android:name="android.intent.category.BROWSABLE" />
217-->src\main\AndroidManifest.xml:82:9-69
217-->src\main\AndroidManifest.xml:82:19-67
218
219                <data android:scheme="expo.modules.payments.stripe.e310ba32-86a3-43cb-aa81-c1e577267758" />
219-->src\main\AndroidManifest.xml:77:9-69
219-->src\main\AndroidManifest.xml:77:15-67
220            </intent-filter>
221        </activity>
222        <!-- Versioned Activity for Stripe -->
223        <!-- BEGIN_SDK_36 -->
224        <activity
224-->src\main\AndroidManifest.xml:156:5-167:16
225            android:name="abi36_0_0.expo.modules.payments.stripe.RedirectUriReceiver"
225-->src\main\AndroidManifest.xml:159:7-80
226            android:exported="true"
226-->src\main\AndroidManifest.xml:157:7-30
227            android:launchMode="singleTask"
227-->src\main\AndroidManifest.xml:158:7-38
228            android:theme="@android:style/Theme.Translucent.NoTitleBar.Fullscreen" >
228-->src\main\AndroidManifest.xml:160:7-77
229            <intent-filter>
229-->src\main\AndroidManifest.xml:161:7-166:23
230                <action android:name="android.intent.action.VIEW" />
230-->src\main\AndroidManifest.xml:79:9-60
230-->src\main\AndroidManifest.xml:79:17-58
231
232                <category android:name="android.intent.category.DEFAULT" />
232-->src\main\AndroidManifest.xml:81:9-67
232-->src\main\AndroidManifest.xml:81:19-65
233                <category android:name="android.intent.category.BROWSABLE" />
233-->src\main\AndroidManifest.xml:82:9-69
233-->src\main\AndroidManifest.xml:82:19-67
234
235                <data android:scheme="abi36_0_0.expo.modules.payments.stripe" />
235-->src\main\AndroidManifest.xml:77:9-69
235-->src\main\AndroidManifest.xml:77:15-67
236            </intent-filter>
237        </activity>
238        <!-- END_SDK_36 -->
239        <!-- BEGIN_SDK_35 -->
240        <activity
240-->src\main\AndroidManifest.xml:170:3-181:14
241            android:name="abi35_0_0.expo.modules.payments.stripe.RedirectUriReceiver"
241-->src\main\AndroidManifest.xml:173:4-77
242            android:exported="true"
242-->src\main\AndroidManifest.xml:171:4-27
243            android:launchMode="singleTask"
243-->src\main\AndroidManifest.xml:172:4-35
244            android:theme="@android:style/Theme.Translucent.NoTitleBar.Fullscreen" >
244-->src\main\AndroidManifest.xml:174:4-74
245            <intent-filter>
245-->src\main\AndroidManifest.xml:175:4-180:20
246                <action android:name="android.intent.action.VIEW" />
246-->src\main\AndroidManifest.xml:79:9-60
246-->src\main\AndroidManifest.xml:79:17-58
247
248                <category android:name="android.intent.category.DEFAULT" />
248-->src\main\AndroidManifest.xml:81:9-67
248-->src\main\AndroidManifest.xml:81:19-65
249                <category android:name="android.intent.category.BROWSABLE" />
249-->src\main\AndroidManifest.xml:82:9-69
249-->src\main\AndroidManifest.xml:82:19-67
250
251                <data android:scheme="abi35_0_0.expo.modules.payments.stripe" />
251-->src\main\AndroidManifest.xml:77:9-69
251-->src\main\AndroidManifest.xml:77:15-67
252            </intent-filter>
253        </activity>
254        <!-- END_SDK_35 -->
255        <!-- BEGIN_SDK_34 -->
256        <activity
256-->src\main\AndroidManifest.xml:184:5-195:16
257            android:name="abi34_0_0.expo.modules.payments.stripe.RedirectUriReceiver"
257-->src\main\AndroidManifest.xml:187:7-80
258            android:exported="true"
258-->src\main\AndroidManifest.xml:185:7-30
259            android:launchMode="singleTask"
259-->src\main\AndroidManifest.xml:186:7-38
260            android:theme="@android:style/Theme.Translucent.NoTitleBar.Fullscreen" >
260-->src\main\AndroidManifest.xml:188:7-77
261            <intent-filter>
261-->src\main\AndroidManifest.xml:189:7-194:23
262                <action android:name="android.intent.action.VIEW" />
262-->src\main\AndroidManifest.xml:79:9-60
262-->src\main\AndroidManifest.xml:79:17-58
263
264                <category android:name="android.intent.category.DEFAULT" />
264-->src\main\AndroidManifest.xml:81:9-67
264-->src\main\AndroidManifest.xml:81:19-65
265                <category android:name="android.intent.category.BROWSABLE" />
265-->src\main\AndroidManifest.xml:82:9-69
265-->src\main\AndroidManifest.xml:82:19-67
266
267                <data android:scheme="abi34_0_0.expo.modules.payments.stripe" />
267-->src\main\AndroidManifest.xml:77:9-69
267-->src\main\AndroidManifest.xml:77:15-67
268            </intent-filter>
269        </activity>
270        <!-- END_SDK_34 -->
271        <!-- BEGIN_SDK_33 -->
272        <activity
272-->src\main\AndroidManifest.xml:198:5-209:16
273            android:name="abi33_0_0.expo.modules.payments.stripe.RedirectUriReceiver"
273-->src\main\AndroidManifest.xml:201:7-80
274            android:exported="true"
274-->src\main\AndroidManifest.xml:199:7-30
275            android:launchMode="singleTask"
275-->src\main\AndroidManifest.xml:200:7-38
276            android:theme="@android:style/Theme.Translucent.NoTitleBar.Fullscreen" >
276-->src\main\AndroidManifest.xml:202:7-77
277            <intent-filter>
277-->src\main\AndroidManifest.xml:203:7-208:23
278                <action android:name="android.intent.action.VIEW" />
278-->src\main\AndroidManifest.xml:79:9-60
278-->src\main\AndroidManifest.xml:79:17-58
279
280                <category android:name="android.intent.category.DEFAULT" />
280-->src\main\AndroidManifest.xml:81:9-67
280-->src\main\AndroidManifest.xml:81:19-65
281                <category android:name="android.intent.category.BROWSABLE" />
281-->src\main\AndroidManifest.xml:82:9-69
281-->src\main\AndroidManifest.xml:82:19-67
282
283                <data android:scheme="abi33_0_0.expo.modules.payments.stripe" />
283-->src\main\AndroidManifest.xml:77:9-69
283-->src\main\AndroidManifest.xml:77:15-67
284            </intent-filter>
285        </activity>
286        <!-- END_SDK_33 -->
287        <!-- END OF STRIPE SCHEMES -->
288
289        <activity
289-->src\main\AndroidManifest.xml:213:5-217:16
290            android:name="host.exp.exponent.experience.ErrorActivity"
290-->src\main\AndroidManifest.xml:214:7-47
291            android:screenOrientation="portrait"
291-->src\main\AndroidManifest.xml:216:7-43
292            android:theme="@style/Theme.Exponent.Dark" >
292-->src\main\AndroidManifest.xml:215:7-49
293        </activity>
294        <activity
294-->src\main\AndroidManifest.xml:219:5-223:16
295            android:name="host.exp.exponent.experience.InfoActivity"
295-->src\main\AndroidManifest.xml:220:7-46
296            android:screenOrientation="portrait"
296-->src\main\AndroidManifest.xml:221:7-43
297            android:theme="@style/Theme.Exponent.Light" >
297-->src\main\AndroidManifest.xml:222:7-50
298        </activity>
299        <activity
299-->src\main\AndroidManifest.xml:225:5-230:39
300            android:name="com.facebook.FacebookActivity"
300-->src\main\AndroidManifest.xml:226:7-51
301            android:configChanges="keyboard|keyboardHidden|screenLayout|screenSize|orientation"
301-->src\main\AndroidManifest.xml:227:7-90
302            android:label="@string/app_name"
302-->src\main\AndroidManifest.xml:228:7-39
303            android:theme="@android:style/Theme.Translucent.NoTitleBar" />
303-->src\main\AndroidManifest.xml:229:7-66
304        <activity
304-->src\main\AndroidManifest.xml:232:5-236:69
305            android:name="com.facebook.ads.InterstitialAdActivity"
305-->src\main\AndroidManifest.xml:233:7-61
306            android:configChanges="keyboard|keyboardHidden|screenLayout|screenSize|orientation"
306-->src\main\AndroidManifest.xml:234:7-90
307            android:label="@string/app_name"
307-->src\main\AndroidManifest.xml:235:7-39
308            android:theme="@android:style/Theme.Translucent.NoTitleBar" />
308-->src\main\AndroidManifest.xml:236:7-66
309
310        <service
310-->src\main\AndroidManifest.xml:238:5-240:34
311            android:name="host.exp.exponent.ExponentIntentService"
311-->src\main\AndroidManifest.xml:239:7-44
312            android:exported="false" />
312-->src\main\AndroidManifest.xml:240:7-31
313
314        <!-- Analytics -->
315        <receiver
315-->src\main\AndroidManifest.xml:243:5-249:16
316            android:name="host.exp.exponent.referrer.InstallReferrerReceiver"
316-->src\main\AndroidManifest.xml:244:7-72
317            android:exported="true" >
317-->src\main\AndroidManifest.xml:245:7-30
318            <intent-filter>
318-->src\main\AndroidManifest.xml:246:7-248:23